c:\users\tjt\go\src\github.com\vizicist\keykit\src\x64\debug\vc142.pdb
c:\users\tjt\go\src\github.com\vizicist\keykit\src\x64\debug\vc142.idb
c:\users\tjt\go\src\github.com\vizicist\keykit\src\x64\debug\regex.obj
c:\users\tjt\go\src\github.com\vizicist\keykit\src\x64\debug\real.obj
c:\users\tjt\go\src\github.com\vizicist\keykit\src\x64\debug\phrase.obj
c:\users\tjt\go\src\github.com\vizicist\keykit\src\x64\debug\misc.obj
c:\users\tjt\go\src\github.com\vizicist\keykit\src\x64\debug\midi.obj
c:\users\tjt\go\src\github.com\vizicist\keykit\src\x64\debug\mfin.obj
c:\users\tjt\go\src\github.com\vizicist\keykit\src\x64\debug\meth.obj
c:\users\tjt\go\src\github.com\vizicist\keykit\src\x64\debug\menu.obj
c:\users\tjt\go\src\github.com\vizicist\keykit\src\x64\debug\mdep2.obj
c:\users\tjt\go\src\github.com\vizicist\keykit\src\x64\debug\mdep1.obj
c:\users\tjt\go\src\github.com\vizicist\keykit\src\x64\debug\main.obj
c:\users\tjt\go\src\github.com\vizicist\keykit\src\x64\debug\kwind.obj
c:\users\tjt\go\src\github.com\vizicist\keykit\src\x64\debug\keyto.obj
c:\users\tjt\go\src\github.com\vizicist\keykit\src\x64\debug\grid.obj
c:\users\tjt\go\src\github.com\vizicist\keykit\src\x64\debug\fsm.obj
c:\users\tjt\go\src\github.com\vizicist\keykit\src\x64\debug\fifo.obj
c:\users\tjt\go\src\github.com\vizicist\keykit\src\x64\debug\code2.obj
c:\users\tjt\go\src\github.com\vizicist\keykit\src\x64\debug\code.obj
c:\users\tjt\go\src\github.com\vizicist\keykit\src\x64\debug\clock.obj
c:\users\tjt\go\src\github.com\vizicist\keykit\src\x64\debug\bltin.obj
c:\users\tjt\go\src\github.com\vizicist\keykit\src\x64\debug\yacc.obj
c:\users\tjt\go\src\github.com\vizicist\keykit\src\x64\debug\view.obj
c:\users\tjt\go\src\github.com\vizicist\keykit\src\x64\debug\util.obj
c:\users\tjt\go\src\github.com\vizicist\keykit\src\x64\debug\task.obj
c:\users\tjt\go\src\github.com\vizicist\keykit\src\x64\debug\sym.obj
c:\users\tjt\go\src\github.com\vizicist\keykit\src\x64\debug\externs.obj
c:\users\tjt\go\src\github.com\vizicist\keykit\src\x64\debug\key.res
c:\users\tjt\go\src\github.com\vizicist\keykit\src\x64\debug\main.obj.enc
c:\users\tjt\go\src\github.com\vizicist\keykit\src\x64\debug\key.tlog\cl.command.1.tlog
c:\users\tjt\go\src\github.com\vizicist\keykit\src\x64\debug\key.tlog\cl.read.1.tlog
c:\users\tjt\go\src\github.com\vizicist\keykit\src\x64\debug\key.tlog\cl.write.1.tlog
c:\users\tjt\go\src\github.com\vizicist\keykit\src\x64\debug\key.tlog\link-cvtres.read.1.tlog
c:\users\tjt\go\src\github.com\vizicist\keykit\src\x64\debug\key.tlog\link-cvtres.write.1.tlog
c:\users\tjt\go\src\github.com\vizicist\keykit\src\x64\debug\key.tlog\link-rc.read.1.tlog
c:\users\tjt\go\src\github.com\vizicist\keykit\src\x64\debug\key.tlog\link-rc.write.1.tlog
c:\users\tjt\go\src\github.com\vizicist\keykit\src\x64\debug\key.tlog\link.26856-cvtres.read.1.tlog
c:\users\tjt\go\src\github.com\vizicist\keykit\src\x64\debug\key.tlog\link.26856-cvtres.write.1.tlog
c:\users\tjt\go\src\github.com\vizicist\keykit\src\x64\debug\key.tlog\link.26856-rc.read.1.tlog
c:\users\tjt\go\src\github.com\vizicist\keykit\src\x64\debug\key.tlog\link.26856-rc.write.1.tlog
c:\users\tjt\go\src\github.com\vizicist\keykit\src\x64\debug\key.tlog\link.26856.read.1.tlog
c:\users\tjt\go\src\github.com\vizicist\keykit\src\x64\debug\key.tlog\link.26856.write.1.tlog
c:\users\tjt\go\src\github.com\vizicist\keykit\src\x64\debug\key.tlog\link.command.1.tlog
c:\users\tjt\go\src\github.com\vizicist\keykit\src\x64\debug\key.tlog\link.read.1.tlog
c:\users\tjt\go\src\github.com\vizicist\keykit\src\x64\debug\key.tlog\link.write.1.tlog
c:\users\tjt\go\src\github.com\vizicist\keykit\src\x64\debug\key.tlog\rc.command.1.tlog
c:\users\tjt\go\src\github.com\vizicist\keykit\src\x64\debug\key.tlog\rc.read.1.tlog
c:\users\tjt\go\src\github.com\vizicist\keykit\src\x64\debug\key.tlog\rc.write.1.tlog
